<?xml version="1.0" encoding="UTF-8"?>
<!-- Generated by org.testng.reporters.JUnitXMLReporter -->
<testsuite ignored="3" hostname="LAPTOP-CMV49M6P" failures="0" tests="1" name="Test2" time="11.514" errors="0" timestamp="2025-09-24T08:27:25 IST">
  <testcase classname="testscripts.LoginTest" name="verifyUserLoginWithValidUsernameandInvalidPassword" time="0.926"/>
  <testcase classname="testscripts.LoginTest" name="verifyUserLoginWithInvalidCredentials" time="0.0">
    <ignored/>
  </testcase> <!-- verifyUserLoginWithInvalidCredentials -->
  <testcase classname="testscripts.LoginTest" name="verifyUserLoginWithIvalidUsernameandValidPassword" time="0.0">
    <ignored/>
  </testcase> <!-- verifyUserLoginWithIvalidUsernameandValidPassword -->
  <testcase classname="testscripts.LoginTest" name="verifyUserLoginWithValidCredentials" time="0.0">
    <ignored/>
  </testcase> <!-- verifyUserLoginWithValidCredentials -->
</testsuite> <!-- Test2 -->
