<?xml version="1.0" encoding="UTF-8"?>
<!-- Generated by org.testng.reporters.JUnitXMLReporter -->
<testsuite ignored="2" hostname="LAPTOP-CMV49M6P" failures="0" tests="2" name="Test" time="11.188" errors="0" timestamp="2025-09-22T12:23:19 IST">
  <testcase classname="testscripts.LoginTest" name="verifyUserLoginWithInvalidCredentials" time="1.759"/>
  <testcase classname="testscripts.LoginTest" name="verifyUserLoginWithValidCredentials" time="1.383"/>
  <testcase classname="testscripts.LoginTest" name="verifyUserLoginWithIvalidUsernameandValidPassword" time="0.0">
    <ignored/>
  </testcase> <!-- verifyUserLoginWithIvalidUsernameandValidPassword -->
  <testcase classname="testscripts.LoginTest" name="verifyUserLoginWithValidUsernameandInvalidPassword" time="0.0">
    <ignored/>
  </testcase> <!-- verifyUserLoginWithValidUsernameandInvalidPassword -->
</testsuite> <!-- Test -->
