<?xml version="1.0" encoding="UTF-8"?>
<!-- Generated by org.testng.reporters.JUnitXMLReporter -->
<testsuite ignored="2" hostname="LAPTOP-CMV49M6P" failures="0" tests="1" name="Test" time="6.989" errors="0" timestamp="2025-09-25T10:23:53 IST">
  <testcase classname="testscripts.ManageNewsTest" name="verifyManageNewsPageWithnewNews" time="3.53"/>
  <testcase classname="testscripts.ManageNewsTest" name="verifySearchInManageNewsPage" time="0.0">
    <ignored/>
  </testcase> <!-- verifySearchInManageNewsPage -->
  <testcase classname="testscripts.ManageNewsTest" name="verifyResetInManageNewsPage" time="0.0">
    <ignored/>
  </testcase> <!-- verifyResetInManageNewsPage -->
</testsuite> <!-- Test -->
