<?xml version="1.0" encoding="UTF-8"?>
<testng-results ignored="0" total="2" passed="2" failed="0" skipped="0">
  <reporter-output>
  </reporter-output>
  <suite started-at="2025-09-22T12:23:07 IST" name="Grouping" finished-at="2025-09-22T12:23:18 IST" duration-ms="11188">
    <groups>
      <group name="smoke">
        <method signature="LoginTest.verifyUserLoginWithInvalidCredentials()[pri:0, instance:testscripts.LoginTest@702657cc]" name="verifyUserLoginWithInvalidCredentials" class="testscripts.LoginTest"/>
        <method signature="LoginTest.verifyUserLoginWithValidCredentials()[pri:0, instance:testscripts.LoginTest@702657cc]" name="verifyUserLoginWithValidCredentials" class="testscripts.LoginTest"/>
      </group> <!-- smoke -->
    </groups>
    <test started-at="2025-09-22T12:23:07 IST" name="Test" finished-at="2025-09-22T12:23:18 IST" duration-ms="11188">
      <class name="testscripts.LoginTest">
        <test-method is-config="true" signature="initializeBrowser(java.lang.String)[pri:0, instance:testscripts.LoginTest@702657cc]" started-at="2025-09-22T12:23:07 IST" name="initializeBrowser" finished-at="2025-09-22T12:23:12 IST" duration-ms="4659" status="PASS">
          <params>
            <param index="0">
              <value>
                <![CDATA[Chrome]]>
              </value>
            </param>
          </params>
          <reporter-output>
          </reporter-output>
        </test-method> <!-- initializeBrowser -->
        <test-method signature="verifyUserLoginWithInvalidCredentials()[pri:0, instance:testscripts.LoginTest@702657cc]" started-at="2025-09-22T12:23:12 IST" name="verifyUserLoginWithInvalidCredentials" finished-at="2025-09-22T12:23:14 IST" duration-ms="1759" status="PASS">
          <reporter-output>
          </reporter-output>
        </test-method> <!-- verifyUserLoginWithInvalidCredentials -->
        <test-method is-config="true" signature="driverQuit(org.testng.ITestResult)[pri:0, instance:testscripts.LoginTest@702657cc]" started-at="2025-09-22T12:23:14 IST" name="driverQuit" finished-at="2025-09-22T12:23:14 IST" duration-ms="2" status="PASS">
          <params>
            <param index="0">
              <value>
                <![CDATA[[TestResult name=verifyUserLoginWithInvalidCredentials status=SUCCESS method=LoginTest.verifyUserLoginWithInvalidCredentials()[pri:0, instance:testscripts.LoginTest@702657cc] output={null}]]]>
              </value>
            </param>
          </params>
          <reporter-output>
          </reporter-output>
        </test-method> <!-- driverQuit -->
        <test-method is-config="true" signature="initializeBrowser(java.lang.String)[pri:0, instance:testscripts.LoginTest@702657cc]" started-at="2025-09-22T12:23:14 IST" name="initializeBrowser" finished-at="2025-09-22T12:23:17 IST" duration-ms="3295" status="PASS">
          <params>
            <param index="0">
              <value>
                <![CDATA[Chrome]]>
              </value>
            </param>
          </params>
          <reporter-output>
          </reporter-output>
        </test-method> <!-- initializeBrowser -->
        <test-method signature="verifyUserLoginWithValidCredentials()[pri:0, instance:testscripts.LoginTest@702657cc]" started-at="2025-09-22T12:23:17 IST" name="verifyUserLoginWithValidCredentials" finished-at="2025-09-22T12:23:18 IST" duration-ms="1383" status="PASS">
          <reporter-output>
          </reporter-output>
        </test-method> <!-- verifyUserLoginWithValidCredentials -->
        <test-method is-config="true" signature="driverQuit(org.testng.ITestResult)[pri:0, instance:testscripts.LoginTest@702657cc]" started-at="2025-09-22T12:23:18 IST" name="driverQuit" finished-at="2025-09-22T12:23:18 IST" duration-ms="0" status="PASS">
          <params>
            <param index="0">
              <value>
                <![CDATA[[TestResult name=verifyUserLoginWithValidCredentials status=SUCCESS method=LoginTest.verifyUserLoginWithValidCredentials()[pri:0, instance:testscripts.LoginTest@702657cc] output={null}]]]>
              </value>
            </param>
          </params>
          <reporter-output>
          </reporter-output>
        </test-method> <!-- driverQuit -->
      </class> <!-- testscripts.LoginTest -->
    </test> <!-- Test -->
  </suite> <!-- Grouping -->
</testng-results>
