<?xml version="1.0" encoding="UTF-8"?>
<!-- Generated by org.testng.reporters.JUnitXMLReporter -->
<testsuite ignored="2" hostname="LAPTOP-CMV49M6P" failures="0" tests="1" name="Default test" time="7.172" errors="0" timestamp="2025-09-15T11:40:32 IST">
  <testcase classname="testscripts.AdminTest" name="verifyNewWUserInAdminPage" time="2.627"/>
  <testcase classname="testscripts.AdminTest" name="verifySearchInAdminPage" time="0.0">
    <ignored/>
  </testcase> <!-- verifySearchInAdminPage -->
  <testcase classname="testscripts.AdminTest" name="verifyResetInAdminPage" time="0.0">
    <ignored/>
  </testcase> <!-- verifyResetInAdminPage -->
</testsuite> <!-- Default test -->
